빌드 시작: 2017-02-07 오전 12:51:10
     1>2 노드의 "C:\Users\seunghee\Documents\Visual Studio 2013\Projects\aria1\aria1\aria1.vcxproj" 프로젝트(Build 대상)입니다.
     1>ClCompile:
         C:\Program Files (x86)\Microsoft Visual Studio 12.0\VC\bin\CL.exe /c /ZI /nologo /W3 /WX- /Od /Oy- /D WIN32 /D _DEBUG /D _CONSOLE /D _LIB /D _UNICODE /D UNICODE /Gm /EHsc /RTC1 /MDd /GS /fp:precise /Zc:wchar_t /Zc:forScope /Fo"Debug\\" /Fd"Debug\vc120.pdb" /Gd /TC /analyze- /errorReport:prompt test.c
         test.c
     1>c:\users\seunghee\documents\visual studio 2013\projects\aria1\aria1\test.c(1): warning C4067: 전처리기 지시문 다음에 예기치 않은 토큰이 있습니다. 줄 바꿈 문자가 필요합니다.
     1>c:\users\seunghee\documents\visual studio 2013\projects\aria1\aria1\test.c(15): warning C4996: 'fopen': This function or variable may be unsafe. Consider using fopen_s instead. To disable deprecation, use _CRT_SECURE_NO_WARNINGS. See online help for details.
                 c:\program files (x86)\microsoft visual studio 12.0\vc\include\stdio.h(211) : 'fopen' 선언을 참조하십시오.
     1>c:\users\seunghee\documents\visual studio 2013\projects\aria1\aria1\test.c(17): warning C4013: 'strcmp'이(가) 정의되지 않았습니다. extern은 int형을 반환하는 것으로 간주합니다.
     1>c:\users\seunghee\documents\visual studio 2013\projects\aria1\aria1\test.c(30): warning C4996: 'fscanf': This function or variable may be unsafe. Consider using fscanf_s instead. To disable deprecation, use _CRT_SECURE_NO_WARNINGS. See online help for details.
                 c:\program files (x86)\microsoft visual studio 12.0\vc\include\stdio.h(230) : 'fscanf' 선언을 참조하십시오.
     1>c:\users\seunghee\documents\visual studio 2013\projects\aria1\aria1\test.c(12): warning C4101: 'IV' :참조되지 않은 지역 변수입니다.
     1>c:\users\seunghee\documents\visual studio 2013\projects\aria1\aria1\test.c(12): warning C4101: 'KEY' :참조되지 않은 지역 변수입니다.
     1>c:\users\seunghee\documents\visual studio 2013\projects\aria1\aria1\test.c(12): warning C4101: 'PT' :참조되지 않은 지역 변수입니다.
     1>c:\users\seunghee\documents\visual studio 2013\projects\aria1\aria1\test.c(13): warning C4101: 'tmp' :참조되지 않은 지역 변수입니다.
     1>c:\users\seunghee\documents\visual studio 2013\projects\aria1\aria1\test.c(13): warning C4101: 'tmp1' :참조되지 않은 지역 변수입니다.
     1>c:\users\seunghee\documents\visual studio 2013\projects\aria1\aria1\test.c(12): warning C4101: 'CT' :참조되지 않은 지역 변수입니다.
       Link:
         C:\Program Files (x86)\Microsoft Visual Studio 12.0\VC\bin\link.exe /ERRORREPORT:PROMPT /OUT:"C:\Users\seunghee\Documents\Visual Studio 2013\Projects\aria1\Debug\aria1.exe" /INCREMENTAL /NOLOGO kernel32.lib user32.lib gdi32.lib winspool.lib comdlg32.lib advapi32.lib shell32.lib ole32.lib oleaut32.lib uuid.lib odbc32.lib odbccp32.lib /MANIFEST /MANIFESTUAC:"level='asInvoker' uiAccess='false'" /manifest:embed /DEBUG /PDB:"C:\Users\seunghee\Documents\Visual Studio 2013\Projects\aria1\Debug\aria1.pdb" /SUBSYSTEM:CONSOLE /TLBID:1 /DYNAMICBASE /NXCOMPAT /IMPLIB:"C:\Users\seunghee\Documents\Visual Studio 2013\Projects\aria1\Debug\aria1.lib" /MACHINE:X86 Debug\aria.obj
         Debug\mode.obj
         Debug\test.obj
         aria1.vcxproj -> C:\Users\seunghee\Documents\Visual Studio 2013\Projects\aria1\Debug\aria1.exe
     1>"C:\Users\seunghee\Documents\Visual Studio 2013\Projects\aria1\aria1\aria1.vcxproj" 프로젝트를 빌드했습니다(Build 대상).

빌드했습니다.

경과 시간: 00:00:00.66
